<?xml version="1.0" encoding="UTF-8"?>
<testsuite name="org.example.ClientTest" tests="3" skipped="0" failures="0" errors="0" timestamp="2024-03-25T18:42:21" hostname="pcs5-MS-7D42" time="0.008">
  <properties/>
  <testcase name="shouldAllowToAddAddress()" classname="org.example.ClientTest" time="0.006"/>
  <testcase name="shouldAllowToAddManyAddress()" classname="org.example.ClientTest" time="0.001"/>
  <testcase name="afterCreationShouldHaveAddress()" classname="org.example.ClientTest" time="0.0"/>
  <system-out><![CDATA[]]></system-out>
  <system-err><![CDATA[]]></system-err>
</testsuite>
