<?xml version="1.0" encoding="UTF-8"?>
<testsuite name="FootballTeamTest" tests="4" skipped="0" failures="0" errors="0" timestamp="2024-04-22T17:15:40" hostname="pcs5-MS-7D42" time="0.033">
  <properties/>
  <testcase name="[1] 0" classname="FootballTeamTest" time="0.029"/>
  <testcase name="[2] 1" classname="FootballTeamTest" time="0.001"/>
  <testcase name="[3] 3" classname="FootballTeamTest" time="0.0"/>
  <testcase name="[4] 10" classname="FootballTeamTest" time="0.0"/>
  <system-out><![CDATA[]]></system-out>
  <system-err><![CDATA[]]></system-err>
</testsuite>
