<?xml version="1.0" encoding="UTF-8"?>
<testsuite name="org.example.MoneyIAETest" tests="3" skipped="0" failures="0" errors="0" timestamp="2024-03-25T17:50:07" hostname="pcs5-MS-7D42" time="0.032">
  <properties/>
  <testcase name="[1] -12387" classname="org.example.MoneyIAETest" time="0.029"/>
  <testcase name="[2] -5" classname="org.example.MoneyIAETest" time="0.0"/>
  <testcase name="[3] -1" classname="org.example.MoneyIAETest" time="0.0"/>
  <system-out><![CDATA[]]></system-out>
  <system-err><![CDATA[]]></system-err>
</testsuite>
