<?xml version="1.0" encoding="UTF-8"?>
<testsuite name="org.example.MoneyTest" tests="1" skipped="0" failures="0" errors="0" timestamp="2024-03-20T14:44:28" hostname="pcs5-MS-7D42" time="0.022">
  <properties/>
  <testcase name="constructorShouldSetAmountAndCurrency()" classname="org.example.MoneyTest" time="0.022"/>
  <system-out><![CDATA[]]></system-out>
  <system-err><![CDATA[]]></system-err>
</testsuite>
